This is pdfTeX, Version 3.14159265-2.6-1.40.20 (TeX Live 2019/W32TeX) (preloaded format=pdflatex 2020.3.26)  30 MAY 2020 13:34
entering extended mode
 restricted \write18 enabled.
 %&-line parsing enabled.
**an-analysis-of-the-determinants-of-loan-demand-in-a-period-of-us-economic-gro
wth.tex

(./an-analysis-of-the-determinants-of-loan-demand-in-a-period-of-us-economic-gr
owth.tex
LaTeX2e <2020-02-02> patch level 5
L3 programming layer <2020-02-25> (c:/Users/Josh/AppData/Roaming/TinyTeX/texmf-
dist/tex/latex/base/article.cls
Document Class: article 2019/12/20 v1.4l Standard LaTeX document class
(c:/Users/Josh/AppData/Roaming/TinyTeX/texmf-dist/tex/latex/base/size12.clo
File: size12.clo 2019/12/20 v1.4l Standard LaTeX file (size option)
)
\c@part=\count167
\c@section=\count168
\c@subsection=\count169
\c@subsubsection=\count170
\c@paragraph=\count171
\c@subparagraph=\count172
\c@figure=\count173
\c@table=\count174
\abovecaptionskip=\skip47
\belowcaptionskip=\skip48
\bibindent=\dimen134
)
(c:/Users/Josh/AppData/Roaming/TinyTeX/texmf-dist/tex/latex/geometry/geometry.s
ty
Package: geometry 2020/01/02 v5.9 Page Geometry

(c:/Users/Josh/AppData/Roaming/TinyTeX/texmf-dist/tex/latex/graphics/keyval.sty
Package: keyval 2014/10/28 v1.15 key=value parser (DPC)
\KV@toks@=\toks15
) (c:/Users/Josh/AppData/Roaming/TinyTeX/texmf-dist/tex/generic/iftex/ifvtex.st
y
Package: ifvtex 2019/10/25 v1.7 ifvtex legacy package. Use iftex instead.
(c:/Users/Josh/AppData/Roaming/TinyTeX/texmf-dist/tex/generic/iftex/iftex.sty
Package: iftex 2019/11/07 v1.0c TeX engine tests
))
\Gm@cnth=\count175
\Gm@cntv=\count176
\c@Gm@tempcnt=\count177
\Gm@bindingoffset=\dimen135
\Gm@wd@mp=\dimen136
\Gm@odd@mp=\dimen137
\Gm@even@mp=\dimen138
\Gm@layoutwidth=\dimen139
\Gm@layoutheight=\dimen140
\Gm@layouthoffset=\dimen141
\Gm@layoutvoffset=\dimen142
\Gm@dimlist=\toks16
) (c:/Users/Josh/AppData/Roaming/TinyTeX/texmf-dist/tex/latex/lm/lmodern.sty
Package: lmodern 2009/10/30 v1.6 Latin Modern Fonts
LaTeX Font Info:    Overwriting symbol font `operators' in version `normal'
(Font)                  OT1/cmr/m/n --> OT1/lmr/m/n on input line 22.
LaTeX Font Info:    Overwriting symbol font `letters' in version `normal'
(Font)                  OML/cmm/m/it --> OML/lmm/m/it on input line 23.
LaTeX Font Info:    Overwriting symbol font `symbols' in version `normal'
(Font)                  OMS/cmsy/m/n --> OMS/lmsy/m/n on input line 24.
LaTeX Font Info:    Overwriting symbol font `largesymbols' in version `normal'
(Font)                  OMX/cmex/m/n --> OMX/lmex/m/n on input line 25.
LaTeX Font Info:    Overwriting symbol font `operators' in version `bold'
(Font)                  OT1/cmr/bx/n --> OT1/lmr/bx/n on input line 26.
LaTeX Font Info:    Overwriting symbol font `letters' in version `bold'
(Font)                  OML/cmm/b/it --> OML/lmm/b/it on input line 27.
LaTeX Font Info:    Overwriting symbol font `symbols' in version `bold'
(Font)                  OMS/cmsy/b/n --> OMS/lmsy/b/n on input line 28.
LaTeX Font Info:    Overwriting symbol font `largesymbols' in version `bold'
(Font)                  OMX/cmex/m/n --> OMX/lmex/m/n on input line 29.
LaTeX Font Info:    Overwriting math alphabet `\mathbf' in version `normal'
(Font)                  OT1/cmr/bx/n --> OT1/lmr/bx/n on input line 31.
LaTeX Font Info:    Overwriting math alphabet `\mathsf' in version `normal'
(Font)                  OT1/cmss/m/n --> OT1/lmss/m/n on input line 32.
LaTeX Font Info:    Overwriting math alphabet `\mathit' in version `normal'
(Font)                  OT1/cmr/m/it --> OT1/lmr/m/it on input line 33.
LaTeX Font Info:    Overwriting math alphabet `\mathtt' in version `normal'
(Font)                  OT1/cmtt/m/n --> OT1/lmtt/m/n on input line 34.
LaTeX Font Info:    Overwriting math alphabet `\mathbf' in version `bold'
(Font)                  OT1/cmr/bx/n --> OT1/lmr/bx/n on input line 35.
LaTeX Font Info:    Overwriting math alphabet `\mathsf' in version `bold'
(Font)                  OT1/cmss/bx/n --> OT1/lmss/bx/n on input line 36.
LaTeX Font Info:    Overwriting math alphabet `\mathit' in version `bold'
(Font)                  OT1/cmr/bx/it --> OT1/lmr/bx/it on input line 37.
LaTeX Font Info:    Overwriting math alphabet `\mathtt' in version `bold'
(Font)                  OT1/cmtt/m/n --> OT1/lmtt/m/n on input line 38.
) (c:/Users/Josh/AppData/Roaming/TinyTeX/texmf-dist/tex/latex/base/fontenc.sty
Package: fontenc 2020/02/11 v2.0o Standard LaTeX package
LaTeX Font Info:    Trying to load font information for T1+lmr on input line 11
2.
(c:/Users/Josh/AppData/Roaming/TinyTeX/texmf-dist/tex/latex/lm/t1lmr.fd
File: t1lmr.fd 2009/10/30 v1.6 Font defs for Latin Modern
)) (c:/Users/Josh/AppData/Roaming/TinyTeX/texmf-dist/tex/latex/base/inputenc.st
y
Package: inputenc 2018/08/11 v1.3c Input encoding file
\inpenc@prehook=\toks17
\inpenc@posthook=\toks18
)
(c:/Users/Josh/AppData/Roaming/TinyTeX/texmf-dist/tex/latex/abstract/abstract.s
ty
Package: abstract 2009/06/08 v1.2a configurable abstracts
\abstitleskip=\skip49
\absleftindent=\skip50
\absrightindent=\skip51
\absparindent=\skip52
\absparsep=\skip53
)
(c:/Users/Josh/AppData/Roaming/TinyTeX/texmf-dist/tex/latex/tools/longtable.sty
Package: longtable 2020/01/07 v4.13 Multi-page Table package (DPC)
\LTleft=\skip54
\LTright=\skip55
\LTpre=\skip56
\LTpost=\skip57
\LTchunksize=\count178
\LTcapwidth=\dimen143
\LT@head=\box45
\LT@firsthead=\box46
\LT@foot=\box47
\LT@lastfoot=\box48
\LT@cols=\count179
\LT@rows=\count180
\c@LT@tables=\count181
\c@LT@chunks=\count182
\LT@p@ftn=\toks19
)
(c:/Users/Josh/AppData/Roaming/TinyTeX/texmf-dist/tex/latex/booktabs/booktabs.s
ty
Package: booktabs 2020/01/12 v1.61803398 Publication quality tables
\heavyrulewidth=\dimen144
\lightrulewidth=\dimen145
\cmidrulewidth=\dimen146
\belowrulesep=\dimen147
\belowbottomsep=\dimen148
\aboverulesep=\dimen149
\abovetopsep=\dimen150
\cmidrulesep=\dimen151
\cmidrulekern=\dimen152
\defaultaddspace=\dimen153
\@cmidla=\count183
\@cmidlb=\count184
\@aboverulesep=\dimen154
\@belowrulesep=\dimen155
\@thisruleclass=\count185
\@lastruleclass=\count186
\@thisrulewidth=\dimen156
)
(c:/Users/Josh/AppData/Roaming/TinyTeX/texmf-dist/tex/latex/graphics/graphicx.s
ty
Package: graphicx 2019/11/30 v1.2a Enhanced LaTeX Graphics (DPC,SPQR)

(c:/Users/Josh/AppData/Roaming/TinyTeX/texmf-dist/tex/latex/graphics/graphics.s
ty
Package: graphics 2019/11/30 v1.4a Standard LaTeX Graphics (DPC,SPQR)
(c:/Users/Josh/AppData/Roaming/TinyTeX/texmf-dist/tex/latex/graphics/trig.sty
Package: trig 2016/01/03 v1.10 sin cos tan (DPC)
)
(c:/Users/Josh/AppData/Roaming/TinyTeX/texmf-dist/tex/latex/graphics-cfg/graphi
cs.cfg
File: graphics.cfg 2016/06/04 v1.11 sample graphics configuration
)
Package graphics Info: Driver file: pdftex.def on input line 105.

(c:/Users/Josh/AppData/Roaming/TinyTeX/texmf-dist/tex/latex/graphics-def/pdftex
.def
File: pdftex.def 2018/01/08 v1.0l Graphics/color driver for pdftex
))
\Gin@req@height=\dimen157
\Gin@req@width=\dimen158
)
(c:/Users/Josh/AppData/Roaming/TinyTeX/texmf-dist/tex/latex/grffile/grffile.sty
Package: grffile 2019/11/11 v2.1 Extended file name support for graphics (legac
y)
Package grffile Info: This package is an empty stub for compatibility on input 
line 40.
)
(c:/Users/Josh/AppData/Roaming/TinyTeX/texmf-dist/tex/latex/titlesec/titlesec.s
ty
Package: titlesec 2019/10/16 v2.13 Sectioning titles
\ttl@box=\box49
\beforetitleunit=\skip58
\aftertitleunit=\skip59
\ttl@plus=\dimen159
\ttl@minus=\dimen160
\ttl@toksa=\toks20
\titlewidth=\dimen161
\titlewidthlast=\dimen162
\titlewidthfirst=\dimen163
)
\c@hypothesis=\count187

(c:/Users/Josh/AppData/Roaming/TinyTeX/texmf-dist/tex/latex/setspace/setspace.s
ty
Package: setspace 2011/12/19 v6.7a set line spacing
)
(c:/Users/Josh/AppData/Roaming/TinyTeX/texmf-dist/tex/latex/hyperref/hyperref.s
ty
Package: hyperref 2020/01/14 v7.00d Hypertext links for LaTeX

(c:/Users/Josh/AppData/Roaming/TinyTeX/texmf-dist/tex/generic/ltxcmds/ltxcmds.s
ty
Package: ltxcmds 2019/12/15 v1.24 LaTeX kernel commands for general use (HO)
)
(c:/Users/Josh/AppData/Roaming/TinyTeX/texmf-dist/tex/latex/pdftexcmds/pdftexcm
ds.sty
Package: pdftexcmds 2019/11/24 v0.31 Utility functions of pdfTeX for LuaTeX (HO
)

(c:/Users/Josh/AppData/Roaming/TinyTeX/texmf-dist/tex/generic/infwarerr/infware
rr.sty
Package: infwarerr 2019/12/03 v1.5 Providing info/warning/error messages (HO)
)
Package pdftexcmds Info: \pdf@primitive is available.
Package pdftexcmds Info: \pdf@ifprimitive is available.
Package pdftexcmds Info: \pdfdraftmode found.
)
(c:/Users/Josh/AppData/Roaming/TinyTeX/texmf-dist/tex/generic/kvsetkeys/kvsetke
ys.sty
Package: kvsetkeys 2019/12/15 v1.18 Key value parser (HO)
)
(c:/Users/Josh/AppData/Roaming/TinyTeX/texmf-dist/tex/generic/kvdefinekeys/kvde
finekeys.sty
Package: kvdefinekeys 2019-12-19 v1.6 Define keys (HO)
)
(c:/Users/Josh/AppData/Roaming/TinyTeX/texmf-dist/tex/generic/pdfescape/pdfesca
pe.sty
Package: pdfescape 2019/12/09 v1.15 Implements pdfTeX's escape features (HO)
)
(c:/Users/Josh/AppData/Roaming/TinyTeX/texmf-dist/tex/latex/hycolor/hycolor.sty
Package: hycolor 2020-01-27 v1.10 Color options for hyperref/bookmark (HO)
)
(c:/Users/Josh/AppData/Roaming/TinyTeX/texmf-dist/tex/latex/letltxmacro/letltxm
acro.sty
Package: letltxmacro 2019/12/03 v1.6 Let assignment for LaTeX macros (HO)
)
(c:/Users/Josh/AppData/Roaming/TinyTeX/texmf-dist/tex/latex/auxhook/auxhook.sty
Package: auxhook 2019-12-17 v1.6 Hooks for auxiliary files (HO)
)
(c:/Users/Josh/AppData/Roaming/TinyTeX/texmf-dist/tex/latex/kvoptions/kvoptions
.sty
Package: kvoptions 2019/11/29 v3.13 Key value format for package options (HO)
)
\@linkdim=\dimen164
\Hy@linkcounter=\count188
\Hy@pagecounter=\count189

(c:/Users/Josh/AppData/Roaming/TinyTeX/texmf-dist/tex/latex/hyperref/pd1enc.def
File: pd1enc.def 2020/01/14 v7.00d Hyperref: PDFDocEncoding definition (HO)
Now handling font encoding PD1 ...
... no UTF-8 mapping file for font encoding PD1
)
(c:/Users/Josh/AppData/Roaming/TinyTeX/texmf-dist/tex/generic/intcalc/intcalc.s
ty
Package: intcalc 2019/12/15 v1.3 Expandable calculations with integers (HO)
)
(c:/Users/Josh/AppData/Roaming/TinyTeX/texmf-dist/tex/generic/etexcmds/etexcmds
.sty
Package: etexcmds 2019/12/15 v1.7 Avoid name clashes with e-TeX commands (HO)
)
\Hy@SavedSpaceFactor=\count190
\pdfmajorversion=\count191
Package hyperref Info: Hyper figures OFF on input line 4547.
Package hyperref Info: Link nesting OFF on input line 4552.
Package hyperref Info: Hyper index ON on input line 4555.
Package hyperref Info: Plain pages OFF on input line 4562.
Package hyperref Info: Backreferencing OFF on input line 4567.
Package hyperref Info: Implicit mode ON; LaTeX internals redefined.
Package hyperref Info: Bookmarks ON on input line 4800.
\c@Hy@tempcnt=\count192
(c:/Users/Josh/AppData/Roaming/TinyTeX/texmf-dist/tex/latex/url/url.sty
\Urlmuskip=\muskip16
Package: url 2013/09/16  ver 3.4  Verb mode for urls, etc.
)
LaTeX Info: Redefining \url on input line 5159.
\XeTeXLinkMargin=\dimen165

(c:/Users/Josh/AppData/Roaming/TinyTeX/texmf-dist/tex/generic/bitset/bitset.sty
Package: bitset 2019/12/09 v1.3 Handle bit-vector datatype (HO)

(c:/Users/Josh/AppData/Roaming/TinyTeX/texmf-dist/tex/generic/bigintcalc/bigint
calc.sty
Package: bigintcalc 2019/12/15 v1.5 Expandable calculations on big integers (HO
)
))
\Fld@menulength=\count193
\Field@Width=\dimen166
\Fld@charsize=\dimen167
Package hyperref Info: Hyper figures OFF on input line 6430.
Package hyperref Info: Link nesting OFF on input line 6435.
Package hyperref Info: Hyper index ON on input line 6438.
Package hyperref Info: backreferencing OFF on input line 6445.
Package hyperref Info: Link coloring OFF on input line 6450.
Package hyperref Info: Link coloring with OCG OFF on input line 6455.
Package hyperref Info: PDF/A mode OFF on input line 6460.
LaTeX Info: Redefining \ref on input line 6500.
LaTeX Info: Redefining \pageref on input line 6504.

(c:/Users/Josh/AppData/Roaming/TinyTeX/texmf-dist/tex/generic/atbegshi/atbegshi
.sty
Package: atbegshi 2019/12/05 v1.19 At begin shipout hook (HO)
)
\Hy@abspage=\count194
\c@Item=\count195
\c@Hfootnote=\count196
)
Package hyperref Info: Driver (autodetected): hpdftex.

(c:/Users/Josh/AppData/Roaming/TinyTeX/texmf-dist/tex/latex/hyperref/hpdftex.de
f
File: hpdftex.def 2020/01/14 v7.00d Hyperref driver for pdfTeX

(c:/Users/Josh/AppData/Roaming/TinyTeX/texmf-dist/tex/latex/atveryend/atveryend
.sty
Package: atveryend 2019-12-11 v1.11 Hooks at the very end of document (HO)
Package atveryend Info: \enddocument detected (standard20110627).
)
\Fld@listcount=\count197
\c@bookmark@seq@number=\count198

(c:/Users/Josh/AppData/Roaming/TinyTeX/texmf-dist/tex/latex/rerunfilecheck/reru
nfilecheck.sty
Package: rerunfilecheck 2019/12/05 v1.9 Rerun checks for auxiliary files (HO)

(c:/Users/Josh/AppData/Roaming/TinyTeX/texmf-dist/tex/generic/uniquecounter/uni
quecounter.sty
Package: uniquecounter 2019/12/15 v1.4 Provide unlimited unique counter (HO)
)
Package uniquecounter Info: New unique counter `rerunfilecheck' on input line 2
86.
)
\Hy@SectionHShift=\skip60
) (c:/Users/Josh/AppData/Roaming/TinyTeX/texmf-dist/tex/latex/graphics/color.st
y
Package: color 2019/11/23 v1.2a Standard LaTeX Color (DPC)

(c:/Users/Josh/AppData/Roaming/TinyTeX/texmf-dist/tex/latex/graphics-cfg/color.
cfg
File: color.cfg 2016/01/02 v1.6 sample color configuration
)
Package color Info: Driver file: pdftex.def on input line 147.

(c:/Users/Josh/AppData/Roaming/TinyTeX/texmf-dist/tex/latex/graphics/dvipsnam.d
ef
File: dvipsnam.def 2016/06/17 v3.0m Driver-dependent file (DPC,SPQR)
))
Package hyperref Info: Option `breaklinks' set `true' on input line 115.

Package hyperref Warning: Option `bookmarks' has already been used,
(hyperref)                setting the option has no effect on input line 115.

Package hyperref Info: Option `colorlinks' set `true' on input line 115.

(c:/Users/Josh/AppData/Roaming/TinyTeX/texmf-dist/tex/latex/placeins/placeins.s
ty
Package: placeins 2005/04/18  v 2.2
)
(c:/Users/Josh/AppData/Roaming/TinyTeX/texmf-dist/tex/latex/l3backend/l3backend
-pdfmode.def
File: l3backend-pdfmode.def 2020-02-23 L3 backend support: PDF mode
\l__kernel_color_stack_int=\count199
\l__pdf_internal_box=\box50
)
(./an-analysis-of-the-determinants-of-loan-demand-in-a-period-of-us-economic-gr
owth.aux

LaTeX Warning: Label `' multiply defined.


LaTeX Warning: Label `' multiply defined.


LaTeX Warning: Label `' multiply defined.


LaTeX Warning: Label `' multiply defined.


LaTeX Warning: Label `' multiply defined.


LaTeX Warning: Label `' multiply defined.


LaTeX Warning: Label `' multiply defined.

)
\openout1 = `an-analysis-of-the-determinants-of-loan-demand-in-a-period-of-us-e
conomic-growth.aux'.

LaTeX Font Info:    Checking defaults for OML/cmm/m/it on input line 133.
LaTeX Font Info:    ... okay on input line 133.
LaTeX Font Info:    Checking defaults for OMS/cmsy/m/n on input line 133.
LaTeX Font Info:    ... okay on input line 133.
LaTeX Font Info:    Checking defaults for OT1/cmr/m/n on input line 133.
LaTeX Font Info:    ... okay on input line 133.
LaTeX Font Info:    Checking defaults for T1/cmr/m/n on input line 133.
LaTeX Font Info:    ... okay on input line 133.
LaTeX Font Info:    Checking defaults for TS1/cmr/m/n on input line 133.
LaTeX Font Info:    ... okay on input line 133.
LaTeX Font Info:    Checking defaults for OMX/cmex/m/n on input line 133.
LaTeX Font Info:    ... okay on input line 133.
LaTeX Font Info:    Checking defaults for U/cmr/m/n on input line 133.
LaTeX Font Info:    ... okay on input line 133.
LaTeX Font Info:    Checking defaults for PD1/pdf/m/n on input line 133.
LaTeX Font Info:    ... okay on input line 133.
*geometry* driver: auto-detecting
*geometry* detected driver: pdftex
*geometry* verbose mode - [ preamble ] result:
* driver: pdftex
* paper: <default>
* layout: <same size as paper>
* layoutoffset:(h,v)=(0.0pt,0.0pt)
* modes: 
* h-part:(L,W,R)=(72.26999pt, 469.75502pt, 72.26999pt)
* v-part:(T,H,B)=(72.26999pt, 650.43001pt, 72.26999pt)
* \paperwidth=614.295pt
* \paperheight=794.96999pt
* \textwidth=469.75502pt
* \textheight=650.43001pt
* \oddsidemargin=0.0pt
* \evensidemargin=0.0pt
* \topmargin=-37.0pt
* \headheight=12.0pt
* \headsep=25.0pt
* \topskip=12.0pt
* \footskip=30.0pt
* \marginparwidth=44.0pt
* \marginparsep=10.0pt
* \columnsep=10.0pt
* \skip\footins=10.8pt plus 4.0pt minus 2.0pt
* \hoffset=0.0pt
* \voffset=0.0pt
* \mag=1000
* \@twocolumnfalse
* \@twosidefalse
* \@mparswitchfalse
* \@reversemarginfalse
* (1in=72.27pt=25.4mm, 1cm=28.453pt)


(c:/Users/Josh/AppData/Roaming/TinyTeX/texmf-dist/tex/latex/epstopdf-pkg/epstop
df-base.sty
Package: epstopdf-base 2020-01-24 v2.11 Base part for package epstopdf
(c:/Users/Josh/AppData/Roaming/TinyTeX/texmf-dist/tex/latex/grfext/grfext.sty
Package: grfext 2019/12/03 v1.3 Manage graphics extensions (HO)
)
Package epstopdf-base Info: Redefining graphics rule for `.eps' on input line 4
85.
Package grfext Info: Graphics extension search list:
(grfext)             [.pdf,.png,.jpg,.mps,.jpeg,.jbig2,.jb2,.PDF,.PNG,.JPG,.JPE
G,.JBIG2,.JB2,.eps]
(grfext)             \AppendGraphicsExtensions on input line 504.

(c:/Users/Josh/AppData/Roaming/TinyTeX/texmf-dist/tex/latex/latexconfig/epstopd
f-sys.cfg
File: epstopdf-sys.cfg 2010/07/13 v1.3 Configuration of (r)epstopdf for TeX Liv
e
))
\AtBeginShipoutBox=\box51
Package hyperref Info: Link coloring ON on input line 133.

(c:/Users/Josh/AppData/Roaming/TinyTeX/texmf-dist/tex/latex/hyperref/nameref.st
y
Package: nameref 2019/09/16 v2.46 Cross-referencing by name of section

(c:/Users/Josh/AppData/Roaming/TinyTeX/texmf-dist/tex/latex/refcount/refcount.s
ty
Package: refcount 2019/12/15 v3.6 Data extraction from label references (HO)
)
(c:/Users/Josh/AppData/Roaming/TinyTeX/texmf-dist/tex/generic/gettitlestring/ge
ttitlestring.sty
Package: gettitlestring 2019/12/15 v1.6 Cleanup title references (HO)
)
\c@section@level=\count266
)
LaTeX Info: Redefining \ref on input line 133.
LaTeX Info: Redefining \pageref on input line 133.
LaTeX Info: Redefining \nameref on input line 133.

(./an-analysis-of-the-determinants-of-loan-demand-in-a-period-of-us-economic-gr
owth.out)
(./an-analysis-of-the-determinants-of-loan-demand-in-a-period-of-us-economic-gr
owth.out)
\@outlinefile=\write3
\openout3 = `an-analysis-of-the-determinants-of-loan-demand-in-a-period-of-us-e
conomic-growth.out'.

LaTeX Font Info:    Trying to load font information for T1+phv on input line 14
9.
LaTeX Font Info:    No file T1phv.fd. on input line 149.

LaTeX Font Warning: Font shape `T1/phv/bx/n' undefined
(Font)              using `T1/cmr/m/n' instead on input line 149.

[1

{c:/Users/Josh/AppData/Roaming/TinyTeX/texmf-var/fonts/map/pdftex/updmap/pdftex
.map}]
<an-analysis-of-the-determinants-of-loan-demand-in-a-period-of-us-economic-grow
th_files/figure-latex/unnamed-chunk-1-1.pdf, id=115, 361.35pt x 361.35pt>
File: an-analysis-of-the-determinants-of-loan-demand-in-a-period-of-us-economic
-growth_files/figure-latex/unnamed-chunk-1-1.pdf Graphic file (type pdf)
<use an-analysis-of-the-determinants-of-loan-demand-in-a-period-of-us-economic-
growth_files/figure-latex/unnamed-chunk-1-1.pdf>
Package pdftex.def Info: an-analysis-of-the-determinants-of-loan-demand-in-a-pe
riod-of-us-economic-growth_files/figure-latex/unnamed-chunk-1-1.pdf  used on in
put line 279.
(pdftex.def)             Requested size: 211.38614pt x 211.38614pt.
<an-analysis-of-the-determinants-of-loan-demand-in-a-period-of-us-economic-grow
th_files/figure-latex/unnamed-chunk-1-2.pdf, id=116, 361.35pt x 361.35pt>
File: an-analysis-of-the-determinants-of-loan-demand-in-a-period-of-us-economic
-growth_files/figure-latex/unnamed-chunk-1-2.pdf Graphic file (type pdf)
<use an-analysis-of-the-determinants-of-loan-demand-in-a-period-of-us-economic-
growth_files/figure-latex/unnamed-chunk-1-2.pdf>
Package pdftex.def Info: an-analysis-of-the-determinants-of-loan-demand-in-a-pe
riod-of-us-economic-growth_files/figure-latex/unnamed-chunk-1-2.pdf  used on in
put line 280.
(pdftex.def)             Requested size: 211.38614pt x 211.38614pt.
[2]
<an-analysis-of-the-determinants-of-loan-demand-in-a-period-of-us-economic-grow
th_files/figure-latex/unnamed-chunk-2-1.pdf, id=124, 361.35pt x 361.35pt>
File: an-analysis-of-the-determinants-of-loan-demand-in-a-period-of-us-economic
-growth_files/figure-latex/unnamed-chunk-2-1.pdf Graphic file (type pdf)
<use an-analysis-of-the-determinants-of-loan-demand-in-a-period-of-us-economic-
growth_files/figure-latex/unnamed-chunk-2-1.pdf>
Package pdftex.def Info: an-analysis-of-the-determinants-of-loan-demand-in-a-pe
riod-of-us-economic-growth_files/figure-latex/unnamed-chunk-2-1.pdf  used on in
put line 291.
(pdftex.def)             Requested size: 211.38614pt x 211.38614pt.
<an-analysis-of-the-determinants-of-loan-demand-in-a-period-of-us-economic-grow
th_files/figure-latex/unnamed-chunk-2-2.pdf, id=125, 361.35pt x 361.35pt>
File: an-analysis-of-the-determinants-of-loan-demand-in-a-period-of-us-economic
-growth_files/figure-latex/unnamed-chunk-2-2.pdf Graphic file (type pdf)
<use an-analysis-of-the-determinants-of-loan-demand-in-a-period-of-us-economic-
growth_files/figure-latex/unnamed-chunk-2-2.pdf>
Package pdftex.def Info: an-analysis-of-the-determinants-of-loan-demand-in-a-pe
riod-of-us-economic-growth_files/figure-latex/unnamed-chunk-2-2.pdf  used on in
put line 292.
(pdftex.def)             Requested size: 211.38614pt x 211.38614pt.
[3 <./an-analysis-of-the-determinants-of-loan-demand-in-a-period-of-us-economic
-growth_files/figure-latex/unnamed-chunk-1-1.pdf> <./an-analysis-of-the-determi
nants-of-loan-demand-in-a-period-of-us-economic-growth_files/figure-latex/unnam
ed-chunk-1-2.pdf> <./an-analysis-of-the-determinants-of-loan-demand-in-a-period
-of-us-economic-growth_files/figure-latex/unnamed-chunk-2-1.pdf> <./an-analysis
-of-the-determinants-of-loan-demand-in-a-period-of-us-economic-growth_files/fig
ure-latex/unnamed-chunk-2-2.pdf>]
LaTeX Font Info:    Trying to load font information for OT1+lmr on input line 3
70.
(c:/Users/Josh/AppData/Roaming/TinyTeX/texmf-dist/tex/latex/lm/ot1lmr.fd
File: ot1lmr.fd 2009/10/30 v1.6 Font defs for Latin Modern
)
LaTeX Font Info:    Trying to load font information for OML+lmm on input line 3
70.
(c:/Users/Josh/AppData/Roaming/TinyTeX/texmf-dist/tex/latex/lm/omllmm.fd
File: omllmm.fd 2009/10/30 v1.6 Font defs for Latin Modern
)
LaTeX Font Info:    Trying to load font information for OMS+lmsy on input line 
370.
(c:/Users/Josh/AppData/Roaming/TinyTeX/texmf-dist/tex/latex/lm/omslmsy.fd
File: omslmsy.fd 2009/10/30 v1.6 Font defs for Latin Modern
)
LaTeX Font Info:    Trying to load font information for OMX+lmex on input line 
370.
(c:/Users/Josh/AppData/Roaming/TinyTeX/texmf-dist/tex/latex/lm/omxlmex.fd
File: omxlmex.fd 2009/10/30 v1.6 Font defs for Latin Modern
)
LaTeX Font Info:    External font `lmex10' loaded for size
(Font)              <12> on input line 370.
LaTeX Font Info:    External font `lmex10' loaded for size
(Font)              <8> on input line 370.
LaTeX Font Info:    External font `lmex10' loaded for size
(Font)              <6> on input line 370.
[4] [5] [6]
Overfull \hbox (7.3699pt too wide) detected at line 569
\OML/lmm/m/it/12 loan[]amnt[] \OT1/lmr/m/n/12 = \OML/lmm/m/it/12 ^^L[] \OT1/lmr
/m/n/12 + \OML/lmm/m/it/12 ^^L[]\OT1/lmr/m/n/12 (\OML/lmm/m/it/12 int[]rate[]\O
T1/lmr/m/n/12 ) + \OML/lmm/m/it/12 ^^L[]\OT1/lmr/m/n/12 (\OML/lmm/m/it/12 dti[]
\OT1/lmr/m/n/12 ) + \OML/lmm/m/it/12 ^^L[]\OT1/lmr/m/n/12 (\OML/lmm/m/it/12 fic
o[]range[]low[]\OT1/lmr/m/n/12 ) + \OML/lmm/m/it/12 ^^L[]\OT1/lmr/m/n/12 (\OML/
lmm/m/it/12 real[]estate[]col[]\OT1/lmr/m/n/12 ) + \OML/lmm/m/it/12 ^^O[]
 []

[7]
Overfull \hbox (0.21149pt too wide) in paragraph at lines 589--597
\T1/lmr/m/n/12 ter-est rate. This is be-cause ``real_estate_col'' was a vari-ab
le cre-ated from ``home_ownership''
 []

LaTeX Font Info:    External font `lmex10' loaded for size
(Font)              <10> on input line 626.
LaTeX Font Info:    External font `lmex10' loaded for size
(Font)              <7> on input line 626.
LaTeX Font Info:    External font `lmex10' loaded for size
(Font)              <5> on input line 626.
[8] [9]
<an-analysis-of-the-determinants-of-loan-demand-in-a-period-of-us-economic-grow
th_files/figure-latex/unnamed-chunk-9-1.pdf, id=210, 361.35pt x 252.945pt>
File: an-analysis-of-the-determinants-of-loan-demand-in-a-period-of-us-economic
-growth_files/figure-latex/unnamed-chunk-9-1.pdf Graphic file (type pdf)
<use an-analysis-of-the-determinants-of-loan-demand-in-a-period-of-us-economic-
growth_files/figure-latex/unnamed-chunk-9-1.pdf>
Package pdftex.def Info: an-analysis-of-the-determinants-of-loan-demand-in-a-pe
riod-of-us-economic-growth_files/figure-latex/unnamed-chunk-9-1.pdf  used on in
put line 739.
(pdftex.def)             Requested size: 361.35463pt x 252.94823pt.
[10] [11 <./an-analysis-of-the-determinants-of-loan-demand-in-a-period-of-us-ec
onomic-growth_files/figure-latex/unnamed-chunk-9-1.pdf>] [12] [13]
<an-analysis-of-the-determinants-of-loan-demand-in-a-period-of-us-economic-grow
th_files/figure-latex/unnamed-chunk-13-1.pdf, id=245, 361.35pt x 252.945pt>
File: an-analysis-of-the-determinants-of-loan-demand-in-a-period-of-us-economic
-growth_files/figure-latex/unnamed-chunk-13-1.pdf Graphic file (type pdf)
<use an-analysis-of-the-determinants-of-loan-demand-in-a-period-of-us-economic-
growth_files/figure-latex/unnamed-chunk-13-1.pdf>
Package pdftex.def Info: an-analysis-of-the-determinants-of-loan-demand-in-a-pe
riod-of-us-economic-growth_files/figure-latex/unnamed-chunk-13-1.pdf  used on i
nput line 884.
(pdftex.def)             Requested size: 361.35463pt x 252.94823pt.
[14 <./an-analysis-of-the-determinants-of-loan-demand-in-a-period-of-us-economi
c-growth_files/figure-latex/unnamed-chunk-13-1.pdf>]
<an-analysis-of-the-determinants-of-loan-demand-in-a-period-of-us-economic-grow
th_files/figure-latex/unnamed-chunk-14-1.pdf, id=258, 361.35pt x 361.35pt>
File: an-analysis-of-the-determinants-of-loan-demand-in-a-period-of-us-economic
-growth_files/figure-latex/unnamed-chunk-14-1.pdf Graphic file (type pdf)
<use an-analysis-of-the-determinants-of-loan-demand-in-a-period-of-us-economic-
growth_files/figure-latex/unnamed-chunk-14-1.pdf>
Package pdftex.def Info: an-analysis-of-the-determinants-of-loan-demand-in-a-pe
riod-of-us-economic-growth_files/figure-latex/unnamed-chunk-14-1.pdf  used on i
nput line 956.
(pdftex.def)             Requested size: 211.38614pt x 211.38614pt.
<an-analysis-of-the-determinants-of-loan-demand-in-a-period-of-us-economic-grow
th_files/figure-latex/unnamed-chunk-14-2.pdf, id=259, 361.35pt x 361.35pt>
File: an-analysis-of-the-determinants-of-loan-demand-in-a-period-of-us-economic
-growth_files/figure-latex/unnamed-chunk-14-2.pdf Graphic file (type pdf)
<use an-analysis-of-the-determinants-of-loan-demand-in-a-period-of-us-economic-
growth_files/figure-latex/unnamed-chunk-14-2.pdf>
Package pdftex.def Info: an-analysis-of-the-determinants-of-loan-demand-in-a-pe
riod-of-us-economic-growth_files/figure-latex/unnamed-chunk-14-2.pdf  used on i
nput line 957.
(pdftex.def)             Requested size: 211.38614pt x 211.38614pt.
[15] [16 <./an-analysis-of-the-determinants-of-loan-demand-in-a-period-of-us-ec
onomic-growth_files/figure-latex/unnamed-chunk-14-1.pdf> <./an-analysis-of-the-
determinants-of-loan-demand-in-a-period-of-us-economic-growth_files/figure-late
x/unnamed-chunk-14-2.pdf>]
LaTeX Font Info:    Trying to load font information for TS1+lmr on input line 1
003.
(c:/Users/Josh/AppData/Roaming/TinyTeX/texmf-dist/tex/latex/lm/ts1lmr.fd
File: ts1lmr.fd 2009/10/30 v1.6 Font defs for Latin Modern
)
<an-analysis-of-the-determinants-of-loan-demand-in-a-period-of-us-economic-grow
th_files/figure-latex/unnamed-chunk-15-1.pdf, id=280, 433.62pt x 433.62pt>
File: an-analysis-of-the-determinants-of-loan-demand-in-a-period-of-us-economic
-growth_files/figure-latex/unnamed-chunk-15-1.pdf Graphic file (type pdf)
<use an-analysis-of-the-determinants-of-loan-demand-in-a-period-of-us-economic-
growth_files/figure-latex/unnamed-chunk-15-1.pdf>
Package pdftex.def Info: an-analysis-of-the-determinants-of-loan-demand-in-a-pe
riod-of-us-economic-growth_files/figure-latex/unnamed-chunk-15-1.pdf  used on i
nput line 1015.
(pdftex.def)             Requested size: 234.87912pt x 234.87912pt.
<an-analysis-of-the-determinants-of-loan-demand-in-a-period-of-us-economic-grow
th_files/figure-latex/unnamed-chunk-15-2.pdf, id=281, 433.62pt x 433.62pt>
File: an-analysis-of-the-determinants-of-loan-demand-in-a-period-of-us-economic
-growth_files/figure-latex/unnamed-chunk-15-2.pdf Graphic file (type pdf)
<use an-analysis-of-the-determinants-of-loan-demand-in-a-period-of-us-economic-
growth_files/figure-latex/unnamed-chunk-15-2.pdf>
Package pdftex.def Info: an-analysis-of-the-determinants-of-loan-demand-in-a-pe
riod-of-us-economic-growth_files/figure-latex/unnamed-chunk-15-2.pdf  used on i
nput line 1016.
(pdftex.def)             Requested size: 234.87912pt x 234.87912pt.

Overfull \hbox (20.2391pt too wide) in paragraph at lines 1015--1017
[][] [] 
 []

[17 <./an-analysis-of-the-determinants-of-loan-demand-in-a-period-of-us-economi
c-growth_files/figure-latex/unnamed-chunk-15-1.pdf> <./an-analysis-of-the-deter
minants-of-loan-demand-in-a-period-of-us-economic-growth_files/figure-latex/unn
amed-chunk-15-2.pdf>]
<an-analysis-of-the-determinants-of-loan-demand-in-a-period-of-us-economic-grow
th_files/figure-latex/unnamed-chunk-16-1.pdf, id=302, 433.62pt x 433.62pt>
File: an-analysis-of-the-determinants-of-loan-demand-in-a-period-of-us-economic
-growth_files/figure-latex/unnamed-chunk-16-1.pdf Graphic file (type pdf)
<use an-analysis-of-the-determinants-of-loan-demand-in-a-period-of-us-economic-
growth_files/figure-latex/unnamed-chunk-16-1.pdf>
Package pdftex.def Info: an-analysis-of-the-determinants-of-loan-demand-in-a-pe
riod-of-us-economic-growth_files/figure-latex/unnamed-chunk-16-1.pdf  used on i
nput line 1042.
(pdftex.def)             Requested size: 234.87912pt x 234.87912pt.
<an-analysis-of-the-determinants-of-loan-demand-in-a-period-of-us-economic-grow
th_files/figure-latex/unnamed-chunk-16-2.pdf, id=303, 433.62pt x 433.62pt>
File: an-analysis-of-the-determinants-of-loan-demand-in-a-period-of-us-economic
-growth_files/figure-latex/unnamed-chunk-16-2.pdf Graphic file (type pdf)
<use an-analysis-of-the-determinants-of-loan-demand-in-a-period-of-us-economic-
growth_files/figure-latex/unnamed-chunk-16-2.pdf>
Package pdftex.def Info: an-analysis-of-the-determinants-of-loan-demand-in-a-pe
riod-of-us-economic-growth_files/figure-latex/unnamed-chunk-16-2.pdf  used on i
nput line 1043.
(pdftex.def)             Requested size: 234.87912pt x 234.87912pt.

Overfull \hbox (20.2391pt too wide) in paragraph at lines 1042--1044
[][] [] 
 []

[18 <./an-analysis-of-the-determinants-of-loan-demand-in-a-period-of-us-economi
c-growth_files/figure-latex/unnamed-chunk-16-1.pdf> <./an-analysis-of-the-deter
minants-of-loan-demand-in-a-period-of-us-economic-growth_files/figure-latex/unn
amed-chunk-16-2.pdf>]
<an-analysis-of-the-determinants-of-loan-demand-in-a-period-of-us-economic-grow
th_files/figure-latex/unnamed-chunk-17-1.pdf, id=320, 433.62pt x 433.62pt>
File: an-analysis-of-the-determinants-of-loan-demand-in-a-period-of-us-economic
-growth_files/figure-latex/unnamed-chunk-17-1.pdf Graphic file (type pdf)
<use an-analysis-of-the-determinants-of-loan-demand-in-a-period-of-us-economic-
growth_files/figure-latex/unnamed-chunk-17-1.pdf>
Package pdftex.def Info: an-analysis-of-the-determinants-of-loan-demand-in-a-pe
riod-of-us-economic-growth_files/figure-latex/unnamed-chunk-17-1.pdf  used on i
nput line 1072.
(pdftex.def)             Requested size: 234.87912pt x 234.87912pt.
<an-analysis-of-the-determinants-of-loan-demand-in-a-period-of-us-economic-grow
th_files/figure-latex/unnamed-chunk-17-2.pdf, id=321, 433.62pt x 433.62pt>
File: an-analysis-of-the-determinants-of-loan-demand-in-a-period-of-us-economic
-growth_files/figure-latex/unnamed-chunk-17-2.pdf Graphic file (type pdf)
<use an-analysis-of-the-determinants-of-loan-demand-in-a-period-of-us-economic-
growth_files/figure-latex/unnamed-chunk-17-2.pdf>
Package pdftex.def Info: an-analysis-of-the-determinants-of-loan-demand-in-a-pe
riod-of-us-economic-growth_files/figure-latex/unnamed-chunk-17-2.pdf  used on i
nput line 1073.
(pdftex.def)             Requested size: 234.87912pt x 234.87912pt.

Overfull \hbox (20.2391pt too wide) in paragraph at lines 1072--1074
[][] [] 
 []

[19 <./an-analysis-of-the-determinants-of-loan-demand-in-a-period-of-us-economi
c-growth_files/figure-latex/unnamed-chunk-17-1.pdf> <./an-analysis-of-the-deter
minants-of-loan-demand-in-a-period-of-us-economic-growth_files/figure-latex/unn
amed-chunk-17-2.pdf>]
<an-analysis-of-the-determinants-of-loan-demand-in-a-period-of-us-economic-grow
th_files/figure-latex/unnamed-chunk-18-1.pdf, id=340, 433.62pt x 433.62pt>
File: an-analysis-of-the-determinants-of-loan-demand-in-a-period-of-us-economic
-growth_files/figure-latex/unnamed-chunk-18-1.pdf Graphic file (type pdf)
<use an-analysis-of-the-determinants-of-loan-demand-in-a-period-of-us-economic-
growth_files/figure-latex/unnamed-chunk-18-1.pdf>
Package pdftex.def Info: an-analysis-of-the-determinants-of-loan-demand-in-a-pe
riod-of-us-economic-growth_files/figure-latex/unnamed-chunk-18-1.pdf  used on i
nput line 1099.
(pdftex.def)             Requested size: 234.87912pt x 234.87912pt.
<an-analysis-of-the-determinants-of-loan-demand-in-a-period-of-us-economic-grow
th_files/figure-latex/unnamed-chunk-18-2.pdf, id=341, 433.62pt x 433.62pt>
File: an-analysis-of-the-determinants-of-loan-demand-in-a-period-of-us-economic
-growth_files/figure-latex/unnamed-chunk-18-2.pdf Graphic file (type pdf)
<use an-analysis-of-the-determinants-of-loan-demand-in-a-period-of-us-economic-
growth_files/figure-latex/unnamed-chunk-18-2.pdf>
Package pdftex.def Info: an-analysis-of-the-determinants-of-loan-demand-in-a-pe
riod-of-us-economic-growth_files/figure-latex/unnamed-chunk-18-2.pdf  used on i
nput line 1100.
(pdftex.def)             Requested size: 234.87912pt x 234.87912pt.

Overfull \hbox (20.2391pt too wide) in paragraph at lines 1099--1101
[][] [] 
 []

[20 <./an-analysis-of-the-determinants-of-loan-demand-in-a-period-of-us-economi
c-growth_files/figure-latex/unnamed-chunk-18-1.pdf> <./an-analysis-of-the-deter
minants-of-loan-demand-in-a-period-of-us-economic-growth_files/figure-latex/unn
amed-chunk-18-2.pdf>]
Overfull \hbox (12.94795pt too wide) in paragraph at lines 1113--1116
[][]\T1/lmr/m/n/12 LendingClub. 2020. ``Lend-ing-Club Web-site.'' [][]$https : 
/ / www . lendingclub . com / info / statistics .
 []

[21]
Package atveryend Info: Empty hook `BeforeClearDocument' on input line 1158.
Package atveryend Info: Empty hook `AfterLastShipout' on input line 1158.

(./an-analysis-of-the-determinants-of-loan-demand-in-a-period-of-us-economic-gr
owth.aux)
Package atveryend Info: Executing hook `AtVeryEndDocument' on input line 1158.
Package atveryend Info: Executing hook `AtEndAfterFileList' on input line 1158.

Package rerunfilecheck Info: File `an-analysis-of-the-determinants-of-loan-dema
nd-in-a-period-of-us-economic-growth.out' has not changed.
(rerunfilecheck)             Checksum: 047103355CDEF281BDB1E9AE66A8C847;1573.

LaTeX Font Warning: Some font shapes were not available, defaults substituted.


LaTeX Warning: There were multiply-defined labels.

Package atveryend Info: Empty hook `AtVeryVeryEnd' on input line 1158.
 ) 
Here is how much of TeX's memory you used:
 6742 strings out of 482938
 117927 string characters out of 5958922
 372433 words of memory out of 5000000
 21730 multiletter control sequences out of 15000+600000
 593625 words of font info for 57 fonts, out of 8000000 for 9000
 14 hyphenation exceptions out of 8191
 34i,10n,33p,383b,412s stack positions out of 5000i,500n,10000p,200000b,80000s
{c:/Users/Josh/AppData/Roaming/TinyTeX/texmf-dist/fonts/enc/dvips/lm/lm-ts1.e
nc}{c:/Users/Josh/AppData/Roaming/TinyTeX/texmf-dist/fonts/enc/dvips/lm/lm-math
sy.enc}{c:/Users/Josh/AppData/Roaming/TinyTeX/texmf-dist/fonts/enc/dvips/lm/lm-
ec.enc}{c:/Users/Josh/AppData/Roaming/TinyTeX/texmf-dist/fonts/enc/dvips/lm/lm-
rm.enc}{c:/Users/Josh/AppData/Roaming/TinyTeX/texmf-dist/fonts/enc/dvips/lm/lm-
mathit.enc} <c:/Users/Josh/Documents/.TinyTeX/texmf-var/fonts/pk/ljfour/jknappe
n/ec/ecrm1095.600pk><c:/Users/Josh/AppData/Roaming/TinyTeX/texmf-dist/fonts/typ
e1/public/lm/lmbx12.pfb><c:/Users/Josh/AppData/Roaming/TinyTeX/texmf-dist/fonts
/type1/public/lm/lmmi12.pfb><c:/Users/Josh/AppData/Roaming/TinyTeX/texmf-dist/f
onts/type1/public/lm/lmmi8.pfb><c:/Users/Josh/AppData/Roaming/TinyTeX/texmf-dis
t/fonts/type1/public/lm/lmr10.pfb><c:/Users/Josh/AppData/Roaming/TinyTeX/texmf-
dist/fonts/type1/public/lm/lmr12.pfb><c:/Users/Josh/AppData/Roaming/TinyTeX/tex
mf-dist/fonts/type1/public/lm/lmr17.pfb><c:/Users/Josh/AppData/Roaming/TinyTeX/
texmf-dist/fonts/type1/public/lm/lmr7.pfb><c:/Users/Josh/AppData/Roaming/TinyTe
X/texmf-dist/fonts/type1/public/lm/lmr8.pfb><c:/Users/Josh/AppData/Roaming/Tiny
TeX/texmf-dist/fonts/type1/public/lm/lmri10.pfb><c:/Users/Josh/AppData/Roaming/
TinyTeX/texmf-dist/fonts/type1/public/lm/lmri12.pfb><c:/Users/Josh/AppData/Roam
ing/TinyTeX/texmf-dist/fonts/type1/public/lm/lmsy10.pfb><c:/Users/Josh/AppData/
Roaming/TinyTeX/texmf-dist/fonts/type1/public/lm/lmsy8.pfb>
Output written on an-analysis-of-the-determinants-of-loan-demand-in-a-period-of
-us-economic-growth.pdf (21 pages, 86399182 bytes).
PDF statistics:
 472 PDF objects out of 1000 (max. 8388607)
 388 compressed objects within 4 object streams
 99 named destinations out of 1000 (max. 500000)
 281 words of extra memory for PDF output out of 10000 (max. 10000000)

